<?xml version="1.0" encoding="UTF-8"?>
<testsuite xmlns:xsi="http://www.w3.org/2001/XMLSchema-instance" xsi:noNamespaceSchemaLocation="https://maven.apache.org/surefire/maven-surefire-plugin/xsd/surefire-test-report-3.0.xsd" version="3.0" name="auto.framework.selenium.cucumber.RunCucumberTest" time="37.843" tests="1" errors="0" skipped="0" failures="0">
  <properties>
[...]
</properties>
  <testcase name="Create an Initial PD Prescription for a Patient - Delete Exchange" classname="Create an Initial PD Prescription for a Patient" time="27.242">
    <system-out><![CDATA[22:22:22.680 [main] INFO auto.framework.selenium.cucumber.hooks.ScreenshotCleanupHook - ? INICIANDO LIMPIEZA AUTOMÁTICA DE REPORTES Y SCREENSHOTS...
22:22:22.758 [main] WARN auto.framework.selenium.cucumber.hooks.ScreenshotCleanupHook - ??  No se pudo limpiar target/reports: 3 exception(s): [org.apache.commons.io.IOIndexedException: IOException #0: Cannot delete file: target\reports\cucumber-html-report, org.apache.commons.io.IOIndexedException: IOException #1: Cannot delete file: target\reports\cucumber-report.xml, org.apache.commons.io.IOIndexedException: IOException #2: Cannot delete file: target\reports\timeline-report]
22:22:22.763 [main] INFO auto.framework.selenium.cucumber.hooks.ScreenshotCleanupHook - ? Directorio creado: target/screenshots
22:22:22.763 [main] INFO auto.framework.selenium.cucumber.hooks.ScreenshotCleanupHook - ? LIMPIEZA COMPLETADA - Directorios listos para nueva ejecución
22:22:23.103 [main] DEBUG org.springframework.boot.test.context.SpringBootTestContextBootstrapper - Neither @ContextConfiguration nor @ContextHierarchy found for test class [CucumberSpringContextConfig]: using SpringBootContextLoader
22:22:23.106 [main] DEBUG org.springframework.test.context.support.AbstractContextLoader - Could not detect default resource locations for test class [auto.framework.selenium.cucumber.CucumberSpringContextConfig]: no resource found for suffixes {-context.xml, Context.groovy}.
22:22:23.108 [main] INFO org.springframework.test.context.support.AnnotationConfigContextLoaderUtils - Could not detect default configuration classes for test class [auto.framework.selenium.cucumber.CucumberSpringContextConfig]: CucumberSpringContextConfig does not declare any static, non-private, non-final, nested classes annotated with @Configuration.
22:22:23.162 [main] DEBUG org.springframework.boot.test.context.SpringBootTestContextBootstrapper - Using ContextCustomizers for test class [CucumberSpringContextConfig]: [ExcludeFilterContextCustomizer, DuplicateJsonObjectContextCustomizer, MockitoContextCustomizer, TestRestTemplateContextCustomizer, DisableObservabilityContextCustomizer, PropertyMappingContextCustomizer, Customizer]
22:22:23.367 [main] DEBUG org.springframework.context.annotation.ClassPathScanningCandidateComponentProvider - Identified candidate component class: file [C:\Users\bisma\Documents\Baxter SQA Framework\target\classes\auto\framework\selenium\SpringSeleniumApplication.class]
22:22:23.369 [main] INFO org.springframework.boot.test.context.SpringBootTestContextBootstrapper - Found @SpringBootConfiguration auto.framework.selenium.SpringSeleniumApplication for test class auto.framework.selenium.cucumber.CucumberSpringContextConfig
22:22:23.575 [main] DEBUG org.springframework.test.context.util.TestContextSpringFactoriesUtils - Skipping candidate TestExecutionListener [org.springframework.test.context.web.ServletTestExecutionListener] due to a missing dependency. Specify custom TestExecutionListener classes or make the default TestExecutionListener classes and their required dependencies available. Offending class: [jakarta/servlet/ServletContext]
22:22:23.584 [main] DEBUG org.springframework.test.context.util.TestContextSpringFactoriesUtils - Skipping candidate TestExecutionListener [org.springframework.test.context.transaction.TransactionalTestExecutionListener] due to a missing dependency. Specify custom TestExecutionListener classes or make the default TestExecutionListener classes and their required dependencies available. Offending class: [org/springframework/transaction/TransactionDefinition]
22:22:23.588 [main] DEBUG org.springframework.test.context.util.TestContextSpringFactoriesUtils - Skipping candidate TestExecutionListener [org.springframework.test.context.jdbc.SqlScriptsTestExecutionListener] due to a missing dependency. Specify custom TestExecutionListener classes or make the default TestExecutionListener classes and their required dependencies available. Offending class: [org/springframework/transaction/interceptor/TransactionAttribute]
22:22:23.591 [main] DEBUG org.springframework.boot.test.context.SpringBootTestContextBootstrapper - Using TestExecutionListeners for test class [CucumberSpringContextConfig]: [DirtiesContextBeforeModesTestExecutionListener, ApplicationEventsTestExecutionListener, MockitoTestExecutionListener, DependencyInjectionTestExecutionListener, DirtiesContextTestExecutionListener, EventPublishingTestExecutionListener, ResetMocksTestExecutionListener, RestDocsTestExecutionListener, MockRestServiceServerResetTestExecutionListener, MockMvcPrintOnlyOnFailureTestExecutionListener, WebDriverTestExecutionListener, MockWebServiceServerTestExecutionListener]

  .   ____          _            __ _ _
 /\\ / ___'_ __ _ _(_)_ __  __ _ \ \ \ \
( ( )\___ | '_ | '_| | '_ \/ _` | \ \ \ \
 \\/  ___)| |_)| | | | | || (_| |  ) ) ) )
  '  |____| .__|_| |_|_| |_\__, | / / / /
 =========|_|==============|___/=/_/_/_/
 :: Spring Boot ::                (v3.0.1)

2025-06-29T22:22:24.302+02:00  INFO 14300 --- [           main] a.f.s.c.CucumberSpringContextConfig      : Starting CucumberSpringContextConfig using Java 17.0.15 with PID 14300 (started by bisma in C:\Users\bisma\Documents\Baxter SQA Framework)
2025-06-29T22:22:24.306+02:00  INFO 14300 --- [           main] a.f.s.c.CucumberSpringContextConfig      : No active profile set, falling back to 1 default profile: "default"
2025-06-29T22:22:26.405+02:00  INFO 14300 --- [           main] a.f.s.c.CucumberSpringContextConfig      : Started CucumberSpringContextConfig in 2.762 seconds (process running for 7.598)

@Environment_dev @versia_renal @3.2 @PDPrescription @test @smoke
Scenario: Delete Exchange                                     &amp#27;[90m# src/test/java/auto/framework/selenium/cucumber/features/TestSuites/prueba.feature:11&amp#27;[0m
2025-06-29T22:22:33.007+02:00  WARN 14300 --- [           main] o.o.selenium.devtools.CdpVersionFinder   : Unable to find CDP implementation matching 137
2025-06-29T22:22:33.009+02:00  WARN 14300 --- [           main] o.o.selenium.chromium.ChromiumDriver     : Unable to find version of CDP to use for 137.0.7151.122. You may need to include a dependency on a specific version of the CDP using something similar to `org.seleniumhq.selenium:selenium-devtools-v86:4.13.0` where the version ("v86") matches the version of the chromium-based browser you're using and the version number of the artifact is the same as Selenium's.
🎯 =================================
📊 INICIANDO SCENARIO: Delete Exchange
🏷️  TAGS ENCONTRADOS: [@Environment_dev, @versia_renal, @3.2, @PDPrescription, @test, @smoke]
🌍 Environment: Environment_dev
📱 Application: VersiaRenal
🔢 Version: Environment_dev
📦 Module: Prueba
🎯 =================================
Clicking element [[ChromeDriver: chrome on windows (2c1ee8ba5a06d6e0bc9e532c6bd2e075)] -> id: lblUsuario]
Clicking element [[ChromeDriver: chrome on windows (2c1ee8ba5a06d6e0bc9e532c6bd2e075)] -> id: lnkEnglish]
  &amp#27;[32mGiven &amp#27;[0m&amp#27;[32mI open the Baxter website&amp#27;[0m                             &amp#27;[90m# auto.framework.selenium.cucumber.steps.LoginPageSteps.iOpenTheBaxterWebsite()&amp#27;[0m

    Embedding  [image/png 912189 bytes]

📸 Captura tomada en paso: Delete_Exchange_Step_20250629_222237.png
Clicking element [[ChromeDriver: chrome on windows (2c1ee8ba5a06d6e0bc9e532c6bd2e075)] -> id: btnAceptarLogin]
  &amp#27;[32mAnd &amp#27;[0m&amp#27;[32mI try to login with &amp#27;[0m&amp#27;[32m&amp#27;[1m"login_baxter"&amp#27;[0m&amp#27;[32m credentials&amp#27;[0m          &amp#27;[90m# auto.framework.selenium.cucumber.steps.LoginPageSteps.iTryToLoginWithCredentials(java.lang.String)&amp#27;[0m

    Embedding  [image/png 939705 bytes]

📸 Captura tomada en paso: Delete_Exchange_Step_20250629_222241.png
  &amp#27;[32mAnd &amp#27;[0m&amp#27;[32mI login successful&amp#27;[0m                                      &amp#27;[90m# auto.framework.selenium.cucumber.steps.BaxterHomeSteps.iVerifyLoginWasSuccessful()&amp#27;[0m

    Embedding  [image/png 54002 bytes]

📸 Captura tomada en paso: Delete_Exchange_Step_20250629_222243.png
DoubleClicking element [[ChromeDriver: chrome on windows (2c1ee8ba5a06d6e0bc9e532c6bd2e075)] -> xpath: //*[@id="GroupsCombo_Input"]]
Clicking element By.xpath: //*[contains(text(),'Paziente PD')]
  &amp#27;[32mAnd &amp#27;[0m&amp#27;[32mI Select the Group of patients &amp#27;[0m&amp#27;[32m&amp#27;[1m"Paziente PD"&amp#27;[0m            &amp#27;[90m# auto.framework.selenium.cucumber.steps.BaxterHomeSteps.iSelectTheGroupPatient(java.lang.String)&amp#27;[0m

    Embedding  [image/png 56434 bytes]

📸 Captura tomada en paso: Delete_Exchange_Step_20250629_222245.png
DoubleClicking element [[ChromeDriver: chrome on windows (2c1ee8ba5a06d6e0bc9e532c6bd2e075)] -> xpath: //*[@id="PatientsCombo"]]
Clicking element By.xpath: //*[contains(text(),'Test 11, Sharesource - SHS11911')]
  &amp#27;[32mWhen &amp#27;[0m&amp#27;[32mI select the patient &amp#27;[0m&amp#27;[32m&amp#27;[1m"Test 11, Sharesource - SHS11911"&amp#27;[0m &amp#27;[90m# auto.framework.selenium.cucumber.steps.BaxterHomeSteps.iSelectThePatient(java.lang.String)&amp#27;[0m

    Embedding  [image/png 88085 bytes]

📸 Captura tomada en paso: Delete_Exchange_Step_20250629_222247.png
Clicking element [[ChromeDriver: chrome on windows (2c1ee8ba5a06d6e0bc9e532c6bd2e075)] -> xpath: //*[@id="menuItem 6"]]
  &amp#27;[32mAnd &amp#27;[0m&amp#27;[32mI open PD Prescription module&amp#27;[0m                           &amp#27;[90m# auto.framework.selenium.cucumber.steps.BaxterHomeSteps.iOpenPDPrescriptionModule()&amp#27;[0m

    Embedding  [image/png 43853 bytes]

📸 Captura tomada en paso: Delete_Exchange_Step_20250629_222249.png
🏁 SCENARIO TERMINADO: Delete Exchange - ✅ PASSED
2025-06-29T22:22:49.684+02:00  WARN 14300 --- [cHttpClient-1-4] o.a.netty.handler.WebSocketHandler       : onError

java.net.SocketException: Connection reset
	at java.base/sun.nio.ch.SocketChannelImpl.throwConnectionReset(SocketChannelImpl.java:394) ~[na:na]
	at java.base/sun.nio.ch.SocketChannelImpl.read(SocketChannelImpl.java:426) ~[na:na]
	at io.netty.buffer.PooledByteBuf.setBytes(PooledByteBuf.java:259) ~[netty-buffer-4.1.86.Final.jar:4.1.86.Final]
	at io.netty.buffer.AbstractByteBuf.writeBytes(AbstractByteBuf.java:1132) ~[netty-buffer-4.1.86.Final.jar:4.1.86.Final]
	at io.netty.channel.socket.nio.NioSocketChannel.doReadBytes(NioSocketChannel.java:357) ~[netty-transport-4.1.86.Final.jar:4.1.86.Final]
	at io.netty.channel.nio.AbstractNioByteChannel$NioByteUnsafe.read(AbstractNioByteChannel.java:151) ~[netty-transport-4.1.86.Final.jar:4.1.86.Final]
	at io.netty.channel.nio.NioEventLoop.processSelectedKey(NioEventLoop.java:788) ~[netty-transport-4.1.86.Final.jar:4.1.86.Final]
	at io.netty.channel.nio.NioEventLoop.processSelectedKeysOptimized(NioEventLoop.java:724) ~[netty-transport-4.1.86.Final.jar:4.1.86.Final]
	at io.netty.channel.nio.NioEventLoop.processSelectedKeys(NioEventLoop.java:650) ~[netty-transport-4.1.86.Final.jar:4.1.86.Final]
	at io.netty.channel.nio.NioEventLoop.run(NioEventLoop.java:562) ~[netty-transport-4.1.86.Final.jar:4.1.86.Final]
	at io.netty.util.concurrent.SingleThreadEventExecutor$4.run(SingleThreadEventExecutor.java:997) ~[netty-common-4.1.86.Final.jar:4.1.86.Final]
	at io.netty.util.internal.ThreadExecutorMap$2.run(ThreadExecutorMap.java:74) ~[netty-common-4.1.86.Final.jar:4.1.86.Final]
	at io.netty.util.concurrent.FastThreadLocalRunnable.run(FastThreadLocalRunnable.java:30) ~[netty-common-4.1.86.Final.jar:4.1.86.Final]
	at java.base/java.lang.Thread.run(Thread.java:840) ~[na:na]

2025-06-29T22:22:49.696+02:00  WARN 14300 --- [cHttpClient-1-4] o.openqa.selenium.remote.http.WebSocket  : Connection reset

java.net.SocketException: Connection reset
	at java.base/sun.nio.ch.SocketChannelImpl.throwConnectionReset(SocketChannelImpl.java:394) ~[na:na]
	at java.base/sun.nio.ch.SocketChannelImpl.read(SocketChannelImpl.java:426) ~[na:na]
	at io.netty.buffer.PooledByteBuf.setBytes(PooledByteBuf.java:259) ~[netty-buffer-4.1.86.Final.jar:4.1.86.Final]
	at io.netty.buffer.AbstractByteBuf.writeBytes(AbstractByteBuf.java:1132) ~[netty-buffer-4.1.86.Final.jar:4.1.86.Final]
	at io.netty.channel.socket.nio.NioSocketChannel.doReadBytes(NioSocketChannel.java:357) ~[netty-transport-4.1.86.Final.jar:4.1.86.Final]
	at io.netty.channel.nio.AbstractNioByteChannel$NioByteUnsafe.read(AbstractNioByteChannel.java:151) ~[netty-transport-4.1.86.Final.jar:4.1.86.Final]
	at io.netty.channel.nio.NioEventLoop.processSelectedKey(NioEventLoop.java:788) ~[netty-transport-4.1.86.Final.jar:4.1.86.Final]
	at io.netty.channel.nio.NioEventLoop.processSelectedKeysOptimized(NioEventLoop.java:724) ~[netty-transport-4.1.86.Final.jar:4.1.86.Final]
	at io.netty.channel.nio.NioEventLoop.processSelectedKeys(NioEventLoop.java:650) ~[netty-transport-4.1.86.Final.jar:4.1.86.Final]
	at io.netty.channel.nio.NioEventLoop.run(NioEventLoop.java:562) ~[netty-transport-4.1.86.Final.jar:4.1.86.Final]
	at io.netty.util.concurrent.SingleThreadEventExecutor$4.run(SingleThreadEventExecutor.java:997) ~[netty-common-4.1.86.Final.jar:4.1.86.Final]
	at io.netty.util.internal.ThreadExecutorMap$2.run(ThreadExecutorMap.java:74) ~[netty-common-4.1.86.Final.jar:4.1.86.Final]
	at io.netty.util.concurrent.FastThreadLocalRunnable.run(FastThreadLocalRunnable.java:30) ~[netty-common-4.1.86.Final.jar:4.1.86.Final]
	at java.base/java.lang.Thread.run(Thread.java:840) ~[na:na]

]]></system-out>
  </testcase>
</testsuite>